Initializing model
Initializing data loaders
Num train images:  15132
Num validate images:  3077
Training batch size: 2
Checkpoint interval: 1
Loss constants: [2, 1.6, 25, 0.1]
Anchor boxes: [[13.477251565102941, 11.575637337941961], [22.26137229153354, 17.66822633636613], [33.064472956296804, 25.977976230935123], [46.576946122512396, 36.33784567190777], [62.933468143405676, 48.888459798286966], [81.89252731448791, 65.28682918216337], [108.42925619967495, 83.93800920523023], [151.85350492775095, 108.38056296607171], [224.56576162251665, 148.38432899717495]]
Training image width: 800
Training image height: 800
Confidence Threshold: 0.8
Number of training classes: 80
Conv activation type: leaky
Starting learning rate: 0.001
Tile and scale mode [on]
Data augmentation mode [off]
Using Adam Optimizer
Loading weights
Model in train mode
train Epoch: 1, Batch: 1/7566, Total:   2.485851,   L-x:  1.02%,   L-y:  8.94%,   L-w: 10.19%,   L-h:  3.89%,   L-noobj: 13.00%,   L-obj: 62.96%
train Epoch: 1, Batch: 2/7566, Total:   0.784917,   L-x:  6.22%,   L-y:  4.49%,   L-w:  7.76%,   L-h: 14.37%,   L-noobj:  8.26%,   L-obj: 58.89%
train Epoch: 1, Batch: 3/7566, Total:   0.202633,   L-x:  2.99%,   L-y:  4.30%,   L-w: 29.54%,   L-h: 17.66%,   L-noobj: 10.31%,   L-obj: 35.21%
train Epoch: 1, Batch: 4/7566, Total:   0.543543,   L-x:  2.56%,   L-y:  3.64%,   L-w: 28.08%,   L-h: 10.45%,   L-noobj:  3.10%,   L-obj: 52.18%
train Epoch: 1, Batch: 5/7566, Total: 1084.351400,   L-x:  0.01%,   L-y:  0.01%,   L-w: 50.12%,   L-h: 49.79%,   L-noobj:  0.03%,   L-obj:  0.04%
train Epoch: 1, Batch: 6/7566, Total:   0.332069,   L-x:  4.99%,   L-y:  8.44%,   L-w: 35.66%,   L-h: 17.79%,   L-noobj: 16.80%,   L-obj: 16.31%
train Epoch: 1, Batch: 7/7566, Total:   0.361338,   L-x:  2.40%,   L-y:  3.21%,   L-w: 19.37%,   L-h: 27.44%,   L-noobj: 21.63%,   L-obj: 25.95%
train Epoch: 1, Batch: 8/7566, Total:  15.400161,   L-x:  0.06%,   L-y:  0.07%,   L-w: 92.29%,   L-h:  5.60%,   L-noobj:  0.79%,   L-obj:  1.19%
train Epoch: 1, Batch: 9/7566, Total:   0.690990,   L-x:  2.47%,   L-y:  5.97%,   L-w: 36.83%,   L-h: 22.74%,   L-noobj: 23.37%,   L-obj:  8.62%
train Epoch: 1, Batch: 10/7566, Total:   0.173227,   L-x:  5.67%,   L-y:  6.05%,   L-w: 23.01%,   L-h: 36.21%,   L-noobj: 11.52%,   L-obj: 17.54%
train Epoch: 1, Batch: 11/7566, Total:   0.635339,   L-x:  4.28%,   L-y:  5.79%,   L-w: 12.55%,   L-h: 43.24%,   L-noobj: 12.14%,   L-obj: 22.00%
train Epoch: 1, Batch: 12/7566, Total:   0.352971,   L-x:  4.28%,   L-y: 10.89%,   L-w: 18.46%,   L-h: 18.20%,   L-noobj: 14.40%,   L-obj: 33.78%
train Epoch: 1, Batch: 13/7566, Total:   0.326777,   L-x:  6.20%,   L-y:  7.36%,   L-w: 14.53%,   L-h: 17.91%,   L-noobj:  6.53%,   L-obj: 47.46%
train Epoch: 1, Batch: 14/7566, Total:   0.230858,   L-x:  9.25%,   L-y: 10.65%,   L-w: 20.75%,   L-h: 17.41%,   L-noobj: 25.44%,   L-obj: 16.50%
train Epoch: 1, Batch: 15/7566, Total:   0.366543,   L-x:  3.04%,   L-y:  2.61%,   L-w: 51.97%,   L-h: 17.70%,   L-noobj: 11.31%,   L-obj: 13.38%
train Epoch: 1, Batch: 16/7566, Total:   0.080023,   L-x:  6.45%,   L-y:  3.27%,   L-w: 32.69%,   L-h: 40.61%,   L-noobj:  0.85%,   L-obj: 16.14%
train Epoch: 1, Batch: 17/7566, Total:   0.342842,   L-x:  6.03%,   L-y:  8.97%,   L-w: 19.29%,   L-h: 21.22%,   L-noobj: 31.95%,   L-obj: 12.54%
train Epoch: 1, Batch: 18/7566, Total:   0.414977,   L-x:  4.10%,   L-y:  7.20%,   L-w: 20.09%,   L-h: 21.62%,   L-noobj: 28.23%,   L-obj: 18.77%
train Epoch: 1, Batch: 19/7566, Total:   0.187708,   L-x:  3.57%,   L-y:  8.34%,   L-w: 19.63%,   L-h: 16.83%,   L-noobj: 16.64%,   L-obj: 35.00%
train Epoch: 1, Batch: 20/7566, Total:   0.171488,   L-x:  3.14%,   L-y:  5.84%,   L-w: 29.89%,   L-h: 43.35%,   L-noobj:  4.47%,   L-obj: 13.32%
train Epoch: 1, Batch: 21/7566, Total:   1.873648,   L-x:  0.82%,   L-y:  1.21%,   L-w: 79.62%,   L-h: 11.14%,   L-noobj:  4.29%,   L-obj:  2.92%
train Epoch: 1, Batch: 22/7566, Total:   0.324240,   L-x:  4.91%,   L-y:  3.40%,   L-w: 26.38%,   L-h: 24.78%,   L-noobj: 36.22%,   L-obj:  4.32%
train Epoch: 1, Batch: 23/7566, Total:   0.247250,   L-x:  0.82%,   L-y:  1.19%,   L-w: 76.50%,   L-h: 14.30%,   L-noobj:  4.03%,   L-obj:  3.16%
train Epoch: 1, Batch: 24/7566, Total:   0.148805,   L-x:  7.99%,   L-y:  7.55%,   L-w: 11.69%,   L-h: 15.90%,   L-noobj: 22.34%,   L-obj: 34.52%
train Epoch: 1, Batch: 25/7566, Total:   1.474979,   L-x:  2.34%,   L-y:  4.11%,   L-w: 31.19%,   L-h: 17.38%,   L-noobj: 39.65%,   L-obj:  5.34%
train Epoch: 1, Batch: 26/7566, Total:   0.160274,   L-x: 10.99%,   L-y:  5.96%,   L-w: 19.77%,   L-h: 19.53%,   L-noobj: 26.09%,   L-obj: 17.66%
train Epoch: 1, Batch: 27/7566, Total:   0.177884,   L-x:  6.86%,   L-y:  6.06%,   L-w: 35.94%,   L-h: 23.20%,   L-noobj: 13.90%,   L-obj: 14.05%
train Epoch: 1, Batch: 28/7566, Total:   0.132022,   L-x:  3.34%,   L-y: 16.43%,   L-w: 30.22%,   L-h: 13.40%,   L-noobj:  6.66%,   L-obj: 29.93%
train Epoch: 1, Batch: 29/7566, Total:   0.058174,   L-x:  7.38%,   L-y:  9.32%,   L-w: 29.09%,   L-h: 22.71%,   L-noobj:  4.28%,   L-obj: 27.23%
train Epoch: 1, Batch: 30/7566, Total:   0.193020,   L-x:  3.68%,   L-y:  5.60%,   L-w: 26.28%,   L-h: 20.78%,   L-noobj: 31.61%,   L-obj: 12.04%
train Epoch: 1, Batch: 31/7566, Total:   0.146033,   L-x:  8.78%,   L-y: 10.06%,   L-w: 20.97%,   L-h: 14.61%,   L-noobj: 22.39%,   L-obj: 23.19%
train Epoch: 1, Batch: 32/7566, Total:   0.128615,   L-x: 10.54%,   L-y:  8.62%,   L-w: 24.18%,   L-h: 15.43%,   L-noobj: 11.98%,   L-obj: 29.26%
train Epoch: 1, Batch: 33/7566, Total:   0.197967,   L-x:  3.22%,   L-y:  7.12%,   L-w: 38.70%,   L-h: 20.07%,   L-noobj: 18.82%,   L-obj: 12.08%
train Epoch: 1, Batch: 34/7566, Total:   0.186187,   L-x:  5.16%,   L-y:  9.28%,   L-w: 12.83%,   L-h: 12.74%,   L-noobj: 44.06%,   L-obj: 15.93%
train Epoch: 1, Batch: 35/7566, Total:   0.173271,   L-x:  3.09%,   L-y:  5.62%,   L-w: 34.87%,   L-h: 26.60%,   L-noobj:  8.60%,   L-obj: 21.22%
train Epoch: 1, Batch: 36/7566, Total:  69.309378,   L-x:  0.02%,   L-y:  0.02%,   L-w: 50.47%,   L-h: 49.31%,   L-noobj:  0.14%,   L-obj:  0.04%
train Epoch: 1, Batch: 37/7566, Total:   0.094250,   L-x: 13.96%,   L-y:  6.83%,   L-w: 27.81%,   L-h: 15.55%,   L-noobj:  3.86%,   L-obj: 32.00%
train Epoch: 1, Batch: 38/7566, Total:   0.208401,   L-x:  6.66%,   L-y:  6.18%,   L-w: 24.50%,   L-h: 39.27%,   L-noobj: 12.84%,   L-obj: 10.54%
train Epoch: 1, Batch: 39/7566, Total:   0.105155,   L-x:  6.70%,   L-y:  9.41%,   L-w: 16.60%,   L-h: 29.93%,   L-noobj: 24.54%,   L-obj: 12.81%
train Epoch: 1, Batch: 40/7566, Total:   0.231260,   L-x:  4.42%,   L-y:  3.33%,   L-w: 14.57%,   L-h: 26.08%,   L-noobj: 45.66%,   L-obj:  5.94%
train Epoch: 1, Batch: 41/7566, Total:   0.465915,   L-x:  4.04%,   L-y:  8.89%,   L-w: 17.02%,   L-h: 14.88%,   L-noobj: 45.99%,   L-obj:  9.18%
train Epoch: 1, Batch: 42/7566, Total:   0.155811,   L-x:  4.67%,   L-y:  8.88%,   L-w: 18.47%,   L-h: 18.69%,   L-noobj: 39.82%,   L-obj:  9.47%
train Epoch: 1, Batch: 43/7566, Total:   0.305820,   L-x:  6.46%,   L-y: 14.44%,   L-w: 22.20%,   L-h: 12.57%,   L-noobj: 40.38%,   L-obj:  3.94%
train Epoch: 1, Batch: 44/7566, Total:   1.035279,   L-x:  2.19%,   L-y:  2.51%,   L-w: 35.95%,   L-h: 10.36%,   L-noobj: 39.53%,   L-obj:  9.46%
train Epoch: 1, Batch: 45/7566, Total:   0.078394,   L-x:  6.75%,   L-y:  9.00%,   L-w: 27.85%,   L-h: 14.95%,   L-noobj: 29.77%,   L-obj: 11.68%
train Epoch: 1, Batch: 46/7566, Total:   0.111912,   L-x:  4.29%,   L-y: 10.74%,   L-w: 24.85%,   L-h: 22.49%,   L-noobj: 19.56%,   L-obj: 18.07%
train Epoch: 1, Batch: 47/7566, Total:   0.103316,   L-x: 16.44%,   L-y: 16.21%,   L-w: 20.92%,   L-h: 21.37%,   L-noobj:  8.99%,   L-obj: 16.06%
train Epoch: 1, Batch: 48/7566, Total:   0.340319,   L-x:  7.65%,   L-y: 10.99%,   L-w: 20.04%,   L-h: 22.28%,   L-noobj: 30.85%,   L-obj:  8.18%
train Epoch: 1, Batch: 49/7566, Total:   0.191937,   L-x:  3.74%,   L-y:  4.74%,   L-w: 23.64%,   L-h: 44.31%,   L-noobj: 19.42%,   L-obj:  4.17%
train Epoch: 1, Batch: 50/7566, Total:   0.299463,   L-x:  9.32%,   L-y:  9.80%,   L-w: 12.31%,   L-h: 14.30%,   L-noobj: 33.21%,   L-obj: 21.06%
train Epoch: 1, Batch: 51/7566, Total:   0.198164,   L-x:  2.38%,   L-y:  8.34%,   L-w: 23.59%,   L-h: 32.55%,   L-noobj:  7.14%,   L-obj: 26.00%
train Epoch: 1, Batch: 52/7566, Total:   0.165906,   L-x:  8.48%,   L-y:  7.54%,   L-w: 29.27%,   L-h: 32.63%,   L-noobj:  9.53%,   L-obj: 12.55%
train Epoch: 1, Batch: 53/7566, Total:   0.133216,   L-x:  7.00%,   L-y:  8.96%,   L-w: 24.24%,   L-h: 31.47%,   L-noobj: 19.54%,   L-obj:  8.80%
train Epoch: 1, Batch: 54/7566, Total:   0.731747,   L-x:  5.17%,   L-y:  8.53%,   L-w: 28.58%,   L-h: 15.64%,   L-noobj: 34.55%,   L-obj:  7.52%
train Epoch: 1, Batch: 55/7566, Total:   0.233698,   L-x: 10.14%,   L-y:  9.71%,   L-w: 25.90%,   L-h: 26.81%,   L-noobj: 23.85%,   L-obj:  3.59%
train Epoch: 1, Batch: 56/7566, Total:   0.233999,   L-x:  5.48%,   L-y:  5.22%,   L-w: 33.49%,   L-h: 26.33%,   L-noobj: 18.52%,   L-obj: 10.95%
train Epoch: 1, Batch: 57/7566, Total:   0.061519,   L-x: 10.53%,   L-y:  6.54%,   L-w: 24.45%,   L-h: 17.13%,   L-noobj: 16.78%,   L-obj: 24.57%
train Epoch: 1, Batch: 58/7566, Total:   0.278471,   L-x: 16.67%,   L-y: 10.29%,   L-w: 15.35%,   L-h: 18.35%,   L-noobj: 21.13%,   L-obj: 18.22%
train Epoch: 1, Batch: 59/7566, Total:   0.177081,   L-x:  4.28%,   L-y:  5.48%,   L-w: 38.46%,   L-h: 13.38%,   L-noobj: 24.24%,   L-obj: 14.16%
train Epoch: 1, Batch: 60/7566, Total:   0.057491,   L-x:  4.72%,   L-y:  4.99%,   L-w: 32.23%,   L-h: 27.02%,   L-noobj: 10.49%,   L-obj: 20.55%
train Epoch: 1, Batch: 61/7566, Total:   0.072076,   L-x:  5.30%,   L-y:  6.73%,   L-w: 34.19%,   L-h: 20.06%,   L-noobj: 11.49%,   L-obj: 22.24%
train Epoch: 1, Batch: 62/7566, Total:   0.114892,   L-x:  8.40%,   L-y:  7.62%,   L-w: 21.50%,   L-h: 19.36%,   L-noobj: 27.07%,   L-obj: 16.06%
train Epoch: 1, Batch: 63/7566, Total:   0.089761,   L-x: 12.30%,   L-y:  7.92%,   L-w: 29.43%,   L-h: 12.37%,   L-noobj:  9.08%,   L-obj: 28.91%
train Epoch: 1, Batch: 64/7566, Total:   0.074045,   L-x: 10.43%,   L-y:  9.17%,   L-w: 24.32%,   L-h: 19.79%,   L-noobj: 21.42%,   L-obj: 14.88%
train Epoch: 1, Batch: 65/7566, Total:   0.106212,   L-x:  4.96%,   L-y: 11.02%,   L-w: 15.92%,   L-h: 22.96%,   L-noobj: 26.38%,   L-obj: 18.76%
train Epoch: 1, Batch: 66/7566, Total:   0.297181,   L-x:  7.02%,   L-y:  2.18%,   L-w: 32.26%,   L-h:  8.76%,   L-noobj: 38.02%,   L-obj: 11.76%
train Epoch: 1, Batch: 67/7566, Total:   0.141726,   L-x:  2.83%,   L-y:  4.25%,   L-w: 26.37%,   L-h: 11.59%,   L-noobj: 12.14%,   L-obj: 42.83%
train Epoch: 1, Batch: 68/7566, Total:   0.299447,   L-x:  6.06%,   L-y:  4.75%,   L-w: 21.72%,   L-h: 40.00%,   L-noobj: 20.93%,   L-obj:  6.54%
train Epoch: 1, Batch: 69/7566, Total:   0.068375,   L-x: 11.35%,   L-y: 10.58%,   L-w: 15.25%,   L-h: 18.39%,   L-noobj: 27.75%,   L-obj: 16.68%
train Epoch: 1, Batch: 70/7566, Total:   0.063003,   L-x:  7.38%,   L-y:  3.06%,   L-w: 23.72%,   L-h: 26.97%,   L-noobj: 25.50%,   L-obj: 13.37%
train Epoch: 1, Batch: 71/7566, Total:   0.237029,   L-x:  7.59%,   L-y: 12.97%,   L-w: 13.70%,   L-h: 23.75%,   L-noobj: 32.12%,   L-obj:  9.87%
train Epoch: 1, Batch: 72/7566, Total:   0.084099,   L-x: 14.67%,   L-y: 10.62%,   L-w: 25.76%,   L-h:  8.40%,   L-noobj:  7.50%,   L-obj: 33.04%
train Epoch: 1, Batch: 73/7566, Total: 10829782226562500.000000,   L-x:  0.01%,   L-y:  0.01%,   L-w: 50.33%,   L-h: 49.62%,   L-noobj:  0.03%,   L-obj:  0.00%
train Epoch: 1, Batch: 74/7566, Total:   0.051898,   L-x: 14.78%,   L-y: 17.84%,   L-w: 21.29%,   L-h: 19.53%,   L-noobj: 15.58%,   L-obj: 10.98%
train Epoch: 1, Batch: 75/7566, Total:   0.092554,   L-x:  4.22%,   L-y:  7.86%,   L-w: 42.09%,   L-h: 11.48%,   L-noobj:  1.82%,   L-obj: 32.54%
train Epoch: 1, Batch: 76/7566, Total:   0.071336,   L-x:  5.73%,   L-y: 10.59%,   L-w: 22.73%,   L-h: 27.93%,   L-noobj: 11.90%,   L-obj: 21.13%
train Epoch: 1, Batch: 77/7566, Total:   0.143637,   L-x:  4.63%,   L-y:  7.66%,   L-w: 26.28%,   L-h: 23.13%,   L-noobj: 11.46%,   L-obj: 26.85%
train Epoch: 1, Batch: 78/7566, Total:   0.087602,   L-x:  5.50%,   L-y:  8.37%,   L-w: 33.59%,   L-h: 30.06%,   L-noobj: 16.77%,   L-obj:  5.71%
train Epoch: 1, Batch: 79/7566, Total:   0.466498,   L-x:  2.03%,   L-y:  2.54%,   L-w: 16.92%,   L-h: 71.26%,   L-noobj:  5.34%,   L-obj:  1.91%
train Epoch: 1, Batch: 80/7566, Total:   0.205230,   L-x: 14.29%,   L-y: 16.65%,   L-w: 19.78%,   L-h: 16.23%,   L-noobj:  8.84%,   L-obj: 24.21%
train Epoch: 1, Batch: 81/7566, Total:   0.484649,   L-x:  3.88%,   L-y:  3.27%,   L-w: 23.00%,   L-h: 44.72%,   L-noobj: 21.28%,   L-obj:  3.86%
train Epoch: 1, Batch: 82/7566, Total:  74.677205,   L-x:  0.03%,   L-y:  0.03%,   L-w: 51.19%,   L-h: 48.57%,   L-noobj:  0.15%,   L-obj:  0.03%
train Epoch: 1, Batch: 83/7566, Total: 237.943136,   L-x:  0.01%,   L-y:  0.02%,   L-w: 51.36%,   L-h: 48.54%,   L-noobj:  0.06%,   L-obj:  0.01%
train Epoch: 1, Batch: 84/7566, Total:   0.413129,   L-x:  9.11%,   L-y:  6.85%,   L-w: 33.96%,   L-h: 25.85%,   L-noobj: 17.64%,   L-obj:  6.58%
train Epoch: 1, Batch: 85/7566, Total:   0.269136,   L-x:  2.37%,   L-y:  1.96%,   L-w: 23.93%,   L-h: 45.74%,   L-noobj: 23.17%,   L-obj:  2.83%
train Epoch: 1, Batch: 86/7566, Total:   0.384277,   L-x:  2.89%,   L-y: 11.14%,   L-w: 26.81%,   L-h: 18.63%,   L-noobj: 36.88%,   L-obj:  3.64%
train Epoch: 1, Batch: 87/7566, Total:   0.214599,   L-x:  6.98%,   L-y:  9.65%,   L-w: 27.93%,   L-h: 23.36%,   L-noobj: 26.62%,   L-obj:  5.47%
train Epoch: 1, Batch: 88/7566, Total:   0.129686,   L-x:  5.46%,   L-y:  6.96%,   L-w: 40.42%,   L-h: 28.10%,   L-noobj: 15.17%,   L-obj:  3.88%
train Epoch: 1, Batch: 89/7566, Total:  79.749292,   L-x:  0.01%,   L-y:  0.01%,   L-w: 52.00%,   L-h: 47.82%,   L-noobj:  0.15%,   L-obj:  0.01%
train Epoch: 1, Batch: 90/7566, Total:   0.237033,   L-x: 14.37%,   L-y:  9.02%,   L-w:  8.32%,   L-h: 24.45%,   L-noobj: 36.99%,   L-obj:  6.86%
train Epoch: 1, Batch: 91/7566, Total:   0.598139,   L-x:  3.29%,   L-y:  7.78%,   L-w: 47.75%,   L-h: 23.73%,   L-noobj: 15.28%,   L-obj:  2.16%
train Epoch: 1, Batch: 92/7566, Total:   0.285211,   L-x:  4.96%,   L-y: 12.55%,   L-w: 31.44%,   L-h: 30.30%,   L-noobj: 16.69%,   L-obj:  4.05%
train Epoch: 1, Batch: 93/7566, Total:   0.244807,   L-x:  2.30%,   L-y:  3.94%,   L-w: 52.84%,   L-h: 24.35%,   L-noobj: 14.25%,   L-obj:  2.32%
train Epoch: 1, Batch: 94/7566, Total:   0.087819,   L-x:  4.91%,   L-y:  7.56%,   L-w: 22.32%,   L-h: 19.11%,   L-noobj: 40.32%,   L-obj:  5.78%
train Epoch: 1, Batch: 95/7566, Total:   0.331670,   L-x:  4.78%,   L-y:  9.00%,   L-w: 23.68%,   L-h: 19.34%,   L-noobj: 38.26%,   L-obj:  4.94%
train Epoch: 1, Batch: 96/7566, Total:   0.798011,   L-x:  5.13%,   L-y:  7.36%,   L-w: 19.09%,   L-h: 34.94%,   L-noobj: 31.90%,   L-obj:  1.58%
train Epoch: 1, Batch: 97/7566, Total:   2.483277,   L-x:  3.70%,   L-y:  7.25%,   L-w: 26.33%,   L-h: 39.20%,   L-noobj: 22.90%,   L-obj:  0.61%
train Epoch: 1, Batch: 98/7566, Total:   0.097058,   L-x:  4.72%,   L-y:  6.21%,   L-w: 29.29%,   L-h: 31.77%,   L-noobj:  7.60%,   L-obj: 20.41%
train Epoch: 1, Batch: 99/7566, Total:   0.192205,   L-x:  2.37%,   L-y:  6.11%,   L-w: 33.49%,   L-h: 31.51%,   L-noobj: 22.53%,   L-obj:  4.00%
train Epoch: 1, Batch: 100/7566, Total:   0.260929,   L-x:  1.40%,   L-y:  2.97%,   L-w: 34.06%,   L-h: 31.68%,   L-noobj: 26.01%,   L-obj:  3.88%
train Epoch: 1, Batch: 101/7566, Total:   0.303324,   L-x:  3.99%,   L-y:  4.12%,   L-w: 47.56%,   L-h: 20.77%,   L-noobj: 15.26%,   L-obj:  8.30%
train Epoch: 1, Batch: 102/7566, Total:   0.124722,   L-x:  6.15%,   L-y:  6.40%,   L-w: 38.55%,   L-h: 22.22%,   L-noobj: 22.73%,   L-obj:  3.95%
train Epoch: 1, Batch: 103/7566, Total:   0.161199,   L-x:  5.64%,   L-y:  6.99%,   L-w: 29.02%,   L-h: 23.96%,   L-noobj: 26.39%,   L-obj:  8.00%
train Epoch: 1, Batch: 104/7566, Total:   0.387094,   L-x:  3.08%,   L-y: 21.69%,   L-w: 18.96%,   L-h: 16.74%,   L-noobj: 24.22%,   L-obj: 15.31%
train Epoch: 1, Batch: 105/7566, Total:   0.142740,   L-x:  6.60%,   L-y:  6.46%,   L-w: 26.59%,   L-h: 32.27%,   L-noobj: 21.31%,   L-obj:  6.76%
train Epoch: 1, Batch: 106/7566, Total:   0.167866,   L-x:  5.11%,   L-y:  7.07%,   L-w: 28.65%,   L-h: 24.75%,   L-noobj: 31.09%,   L-obj:  3.33%
train Epoch: 1, Batch: 107/7566, Total:   0.274998,   L-x:  3.40%,   L-y:  4.46%,   L-w: 25.93%,   L-h: 33.41%,   L-noobj: 26.47%,   L-obj:  6.33%
train Epoch: 1, Batch: 108/7566, Total:   0.287292,   L-x:  1.91%,   L-y:  4.40%,   L-w: 27.81%,   L-h: 38.75%,   L-noobj: 18.93%,   L-obj:  8.21%
train Epoch: 1, Batch: 109/7566, Total:  32.039145,   L-x:  0.03%,   L-y:  0.04%,   L-w: 54.75%,   L-h: 44.71%,   L-noobj:  0.40%,   L-obj:  0.06%
train Epoch: 1, Batch: 110/7566, Total:   0.239960,   L-x:  7.41%,   L-y: 10.27%,   L-w: 31.69%,   L-h: 26.81%,   L-noobj: 15.06%,   L-obj:  8.76%
train Epoch: 1, Batch: 111/7566, Total:   0.272511,   L-x:  5.49%,   L-y: 10.03%,   L-w: 30.26%,   L-h: 23.18%,   L-noobj: 24.04%,   L-obj:  6.99%
train Epoch: 1, Batch: 112/7566, Total:   0.498291,   L-x:  2.08%,   L-y:  3.32%,   L-w: 38.41%,   L-h: 29.91%,   L-noobj: 23.64%,   L-obj:  2.63%
train Epoch: 1, Batch: 113/7566, Total:   0.478631,   L-x:  3.60%,   L-y:  6.53%,   L-w: 31.29%,   L-h: 22.97%,   L-noobj: 28.39%,   L-obj:  7.22%
train Epoch: 1, Batch: 114/7566, Total:   0.531479,   L-x:  3.40%,   L-y:  3.98%,   L-w: 35.63%,   L-h: 29.59%,   L-noobj: 22.28%,   L-obj:  5.11%
train Epoch: 1, Batch: 115/7566, Total:   1.453836,   L-x:  2.33%,   L-y:  3.88%,   L-w: 34.99%,   L-h: 50.70%,   L-noobj:  7.01%,   L-obj:  1.09%
train Epoch: 1, Batch: 116/7566, Total:   6.818773,   L-x:  0.16%,   L-y:  0.14%,   L-w: 55.11%,   L-h: 43.84%,   L-noobj:  0.55%,   L-obj:  0.21%
train Epoch: 1, Batch: 117/7566, Total:   0.809506,   L-x:  0.81%,   L-y:  2.36%,   L-w: 34.28%,   L-h: 50.98%,   L-noobj:  7.89%,   L-obj:  3.69%
train Epoch: 1, Batch: 118/7566, Total:   0.307406,   L-x:  3.98%,   L-y:  6.44%,   L-w: 26.68%,   L-h: 30.10%,   L-noobj: 25.76%,   L-obj:  7.04%
train Epoch: 1, Batch: 119/7566, Total:   0.271516,   L-x:  3.25%,   L-y:  7.26%,   L-w: 22.13%,   L-h: 32.28%,   L-noobj: 24.65%,   L-obj: 10.43%
train Epoch: 1, Batch: 120/7566, Total:   0.117470,   L-x:  4.81%,   L-y:  9.67%,   L-w: 29.02%,   L-h: 24.64%,   L-noobj: 20.82%,   L-obj: 11.04%
train Epoch: 1, Batch: 121/7566, Total:   0.139422,   L-x:  6.12%,   L-y:  7.21%,   L-w: 31.79%,   L-h: 22.99%,   L-noobj:  4.90%,   L-obj: 26.99%
train Epoch: 1, Batch: 122/7566, Total:  93.062185,   L-x:  0.02%,   L-y:  0.03%,   L-w: 41.77%,   L-h: 57.88%,   L-noobj:  0.23%,   L-obj:  0.07%
train Epoch: 1, Batch: 123/7566, Total:   0.175096,   L-x:  6.35%,   L-y:  5.40%,   L-w: 27.11%,   L-h: 29.54%,   L-noobj: 19.87%,   L-obj: 11.72%
train Epoch: 1, Batch: 124/7566, Total:   0.089667,   L-x:  7.09%,   L-y:  5.95%,   L-w: 35.62%,   L-h: 27.18%,   L-noobj:  5.70%,   L-obj: 18.47%
train Epoch: 1, Batch: 125/7566, Total:   0.128424,   L-x:  8.54%,   L-y: 14.59%,   L-w: 25.80%,   L-h: 23.02%,   L-noobj: 17.77%,   L-obj: 10.28%
train Epoch: 1, Batch: 126/7566, Total:   0.248160,   L-x:  5.84%,   L-y:  6.99%,   L-w: 25.35%,   L-h: 32.12%,   L-noobj: 21.51%,   L-obj:  8.19%
train Epoch: 1, Batch: 127/7566, Total:   0.263651,   L-x:  3.12%,   L-y:  8.86%,   L-w: 34.76%,   L-h: 25.22%,   L-noobj: 21.90%,   L-obj:  6.13%
train Epoch: 1, Batch: 128/7566, Total:   0.097785,   L-x:  2.77%,   L-y:  4.78%,   L-w: 37.96%,   L-h: 27.72%,   L-noobj: 11.77%,   L-obj: 15.01%
train Epoch: 1, Batch: 129/7566, Total:   0.149229,   L-x:  4.63%,   L-y:  8.24%,   L-w: 28.16%,   L-h: 30.20%,   L-noobj: 14.54%,   L-obj: 14.23%
train Epoch: 1, Batch: 130/7566, Total:   0.208149,   L-x:  9.40%,   L-y:  9.76%,   L-w: 34.41%,   L-h: 21.64%,   L-noobj: 12.97%,   L-obj: 11.82%
train Epoch: 1, Batch: 131/7566, Total:   0.206545,   L-x:  4.85%,   L-y:  7.88%,   L-w: 19.31%,   L-h: 25.70%,   L-noobj: 30.02%,   L-obj: 12.24%
train Epoch: 1, Batch: 132/7566, Total:   0.227955,   L-x:  8.19%,   L-y:  7.59%,   L-w: 23.46%,   L-h: 22.61%,   L-noobj: 23.46%,   L-obj: 14.69%
train Epoch: 1, Batch: 133/7566, Total:   0.197665,   L-x:  3.31%,   L-y:  2.93%,   L-w: 35.89%,   L-h: 17.25%,   L-noobj: 32.28%,   L-obj:  8.34%
train Epoch: 1, Batch: 134/7566, Total:   0.488441,   L-x:  5.04%,   L-y: 11.42%,   L-w: 21.05%,   L-h: 33.87%,   L-noobj: 13.56%,   L-obj: 15.06%
train Epoch: 1, Batch: 135/7566, Total:  84.186172,   L-x:  0.02%,   L-y:  0.01%,   L-w: 51.15%,   L-h: 48.43%,   L-noobj:  0.35%,   L-obj:  0.03%
train Epoch: 1, Batch: 136/7566, Total:   0.054290,   L-x:  5.24%,   L-y:  5.87%,   L-w: 30.43%,   L-h: 28.95%,   L-noobj: 15.10%,   L-obj: 14.41%
train Epoch: 1, Batch: 137/7566, Total:   0.093773,   L-x:  6.15%,   L-y:  6.12%,   L-w: 38.07%,   L-h: 24.13%,   L-noobj: 10.32%,   L-obj: 15.20%
train Epoch: 1, Batch: 138/7566, Total:   4.572836,   L-x:  0.12%,   L-y:  0.09%,   L-w: 49.65%,   L-h: 49.42%,   L-noobj:  0.43%,   L-obj:  0.29%
train Epoch: 1, Batch: 139/7566, Total:   0.268617,   L-x:  4.22%,   L-y:  7.62%,   L-w: 29.91%,   L-h: 23.60%,   L-noobj: 22.08%,   L-obj: 12.56%
train Epoch: 1, Batch: 140/7566, Total:   0.074920,   L-x:  8.21%,   L-y:  8.55%,   L-w: 33.83%,   L-h: 23.14%,   L-noobj: 11.02%,   L-obj: 15.26%
train Epoch: 1, Batch: 141/7566, Total:   0.397104,   L-x:  4.76%,   L-y:  1.86%,   L-w: 54.20%,   L-h: 31.00%,   L-noobj:  1.34%,   L-obj:  6.83%
train Epoch: 1, Batch: 142/7566, Total:   0.129460,   L-x:  9.68%,   L-y: 10.98%,   L-w: 28.27%,   L-h: 15.20%,   L-noobj: 20.95%,   L-obj: 14.91%
train Epoch: 1, Batch: 143/7566, Total:   0.200857,   L-x:  6.86%,   L-y:  6.33%,   L-w: 23.65%,   L-h: 31.98%,   L-noobj:  9.79%,   L-obj: 21.38%
train Epoch: 1, Batch: 144/7566, Total:   0.325775,   L-x:  6.48%,   L-y:  5.61%,   L-w: 15.17%,   L-h: 25.06%,   L-noobj: 36.29%,   L-obj: 11.39%
train Epoch: 1, Batch: 145/7566, Total:   0.267797,   L-x:  8.00%,   L-y: 12.51%,   L-w: 19.91%,   L-h: 18.21%,   L-noobj: 23.90%,   L-obj: 17.48%
train Epoch: 1, Batch: 146/7566, Total: 319.431966,   L-x:  0.01%,   L-y:  0.00%,   L-w: 49.47%,   L-h: 50.12%,   L-noobj:  0.36%,   L-obj:  0.05%
train Epoch: 1, Batch: 147/7566, Total:   0.850356,   L-x:  2.61%,   L-y:  1.73%,   L-w: 24.44%,   L-h: 49.64%,   L-noobj: 17.65%,   L-obj:  3.92%
train Epoch: 1, Batch: 148/7566, Total:  59.705906,   L-x:  0.01%,   L-y:  0.02%,   L-w: 50.38%,   L-h: 49.00%,   L-noobj:  0.46%,   L-obj:  0.13%
train Epoch: 1, Batch: 149/7566, Total:   0.191037,   L-x:  6.04%,   L-y: 10.06%,   L-w: 24.38%,   L-h: 16.25%,   L-noobj: 18.67%,   L-obj: 24.59%
train Epoch: 1, Batch: 150/7566, Total:   2.896230,   L-x:  0.92%,   L-y:  2.53%,   L-w: 47.48%,   L-h: 37.96%,   L-noobj:  9.00%,   L-obj:  2.12%
train Epoch: 1, Batch: 151/7566, Total:   0.167613,   L-x:  4.17%,   L-y:  4.99%,   L-w: 33.38%,   L-h: 29.43%,   L-noobj:  8.02%,   L-obj: 20.02%
train Epoch: 1, Batch: 152/7566, Total:   0.153905,   L-x:  4.82%,   L-y:  3.65%,   L-w: 28.15%,   L-h: 40.31%,   L-noobj: 11.76%,   L-obj: 11.31%
train Epoch: 1, Batch: 153/7566, Total:   0.181770,   L-x:  6.73%,   L-y:  9.94%,   L-w: 28.24%,   L-h: 26.18%,   L-noobj: 16.16%,   L-obj: 12.75%
train Epoch: 1, Batch: 154/7566, Total:   0.513706,   L-x:  2.58%,   L-y:  3.11%,   L-w: 36.02%,   L-h: 46.45%,   L-noobj:  7.20%,   L-obj:  4.63%
train Epoch: 1, Batch: 155/7566, Total:   0.220066,   L-x:  5.49%,   L-y:  5.06%,   L-w: 35.50%,   L-h: 30.41%,   L-noobj: 11.47%,   L-obj: 12.07%
train Epoch: 1, Batch: 156/7566, Total:   0.947642,   L-x:  3.97%,   L-y:  3.33%,   L-w: 40.56%,   L-h: 37.77%,   L-noobj:  4.72%,   L-obj:  9.66%
train Epoch: 1, Batch: 157/7566, Total:   0.232219,   L-x:  6.17%,   L-y: 12.69%,   L-w: 23.75%,   L-h: 28.41%,   L-noobj: 19.69%,   L-obj:  9.29%
train Epoch: 1, Batch: 158/7566, Total:   0.503600,   L-x:  6.20%,   L-y: 12.56%,   L-w: 22.82%,   L-h: 37.40%,   L-noobj:  8.90%,   L-obj: 12.12%
train Epoch: 1, Batch: 159/7566, Total:   0.246278,   L-x:  5.11%,   L-y:  9.23%,   L-w: 28.69%,   L-h: 34.80%,   L-noobj: 14.66%,   L-obj:  7.50%
train Epoch: 1, Batch: 160/7566, Total:   0.162639,   L-x:  2.49%,   L-y:  5.63%,   L-w: 35.33%,   L-h: 27.99%,   L-noobj: 16.76%,   L-obj: 11.80%
train Epoch: 1, Batch: 161/7566, Total:   0.190812,   L-x:  5.59%,   L-y:  4.59%,   L-w: 27.13%,   L-h: 36.11%,   L-noobj: 13.20%,   L-obj: 13.38%
train Epoch: 1, Batch: 162/7566, Total:   0.278913,   L-x:  4.76%,   L-y:  4.54%,   L-w: 34.45%,   L-h: 30.10%,   L-noobj: 18.54%,   L-obj:  7.60%
train Epoch: 1, Batch: 163/7566, Total:   0.327132,   L-x:  4.23%,   L-y:  3.56%,   L-w: 37.13%,   L-h: 38.98%,   L-noobj: 12.39%,   L-obj:  3.72%
train Epoch: 1, Batch: 164/7566, Total:   0.611862,   L-x:  3.80%,   L-y:  3.69%,   L-w: 44.04%,   L-h: 28.29%,   L-noobj: 16.14%,   L-obj:  4.04%
train Epoch: 1, Batch: 165/7566, Total:   0.491322,   L-x:  6.86%,   L-y: 10.25%,   L-w: 19.99%,   L-h: 21.45%,   L-noobj: 37.51%,   L-obj:  3.93%
train Epoch: 1, Batch: 166/7566, Total:   0.242903,   L-x:  8.10%,   L-y:  5.11%,   L-w: 32.37%,   L-h: 22.67%,   L-noobj: 22.56%,   L-obj:  9.19%
train Epoch: 1, Batch: 167/7566, Total:   0.209314,   L-x:  7.06%,   L-y:  6.14%,   L-w: 37.69%,   L-h: 29.69%,   L-noobj:  7.69%,   L-obj: 11.73%
train Epoch: 1, Batch: 168/7566, Total:   0.407836,   L-x:  5.00%,   L-y: 10.01%,   L-w: 26.25%,   L-h: 23.01%,   L-noobj: 29.02%,   L-obj:  6.72%
train Epoch: 1, Batch: 169/7566, Total:   0.502739,   L-x:  1.85%,   L-y:  2.33%,   L-w: 16.93%,   L-h: 65.22%,   L-noobj:  5.52%,   L-obj:  8.15%
train Epoch: 1, Batch: 170/7566, Total:   0.508948,   L-x:  4.46%,   L-y:  6.57%,   L-w: 44.07%,   L-h: 25.83%,   L-noobj: 11.01%,   L-obj:  8.06%
train Epoch: 1, Batch: 171/7566, Total:   0.873443,   L-x:  3.49%,   L-y:  3.62%,   L-w: 34.59%,   L-h: 44.95%,   L-noobj: 10.96%,   L-obj:  2.40%
train Epoch: 1, Batch: 172/7566, Total:   0.243851,   L-x:  5.49%,   L-y:  4.49%,   L-w: 29.29%,   L-h: 45.06%,   L-noobj:  3.89%,   L-obj: 11.78%
train Epoch: 1, Batch: 173/7566, Total:   0.245708,   L-x:  5.07%,   L-y: 13.23%,   L-w: 33.36%,   L-h: 20.70%,   L-noobj:  8.10%,   L-obj: 19.54%
train Epoch: 1, Batch: 174/7566, Total:   0.073409,   L-x: 12.29%,   L-y:  7.90%,   L-w: 26.69%,   L-h: 26.40%,   L-noobj: 14.08%,   L-obj: 12.65%
train Epoch: 1, Batch: 175/7566, Total:   0.516918,   L-x:  3.89%,   L-y:  4.29%,   L-w: 40.95%,   L-h: 29.02%,   L-noobj: 12.74%,   L-obj:  9.12%
train Epoch: 1, Batch: 176/7566, Total:   0.162127,   L-x:  3.41%,   L-y:  3.80%,   L-w: 39.32%,   L-h: 35.62%,   L-noobj: 13.21%,   L-obj:  4.64%
train Epoch: 1, Batch: 177/7566, Total:   0.150638,   L-x: 11.00%,   L-y:  6.80%,   L-w: 28.42%,   L-h: 20.06%,   L-noobj: 23.90%,   L-obj:  9.82%
train Epoch: 1, Batch: 178/7566, Total:   0.116481,   L-x:  4.56%,   L-y:  4.31%,   L-w: 42.37%,   L-h: 31.78%,   L-noobj: 12.20%,   L-obj:  4.78%
train Epoch: 1, Batch: 179/7566, Total: 177.851660,   L-x:  0.01%,   L-y:  0.02%,   L-w: 42.41%,   L-h: 57.38%,   L-noobj:  0.16%,   L-obj:  0.02%
train Epoch: 1, Batch: 180/7566, Total:   0.194928,   L-x: 11.24%,   L-y: 11.54%,   L-w: 22.20%,   L-h: 30.84%,   L-noobj: 17.12%,   L-obj:  7.07%
train Epoch: 1, Batch: 181/7566, Total:  10.868081,   L-x:  0.30%,   L-y:  0.14%,   L-w: 41.39%,   L-h: 55.66%,   L-noobj:  2.24%,   L-obj:  0.27%
train Epoch: 1, Batch: 182/7566, Total:   0.118428,   L-x:  9.55%,   L-y:  7.34%,   L-w: 35.83%,   L-h: 26.06%,   L-noobj:  8.25%,   L-obj: 12.97%
train Epoch: 1, Batch: 183/7566, Total:   0.611946,   L-x:  2.94%,   L-y:  7.90%,   L-w: 40.33%,   L-h: 30.29%,   L-noobj:  8.84%,   L-obj:  9.70%
train Epoch: 1, Batch: 184/7566, Total:   0.336486,   L-x:  3.78%,   L-y:  6.25%,   L-w: 27.90%,   L-h: 38.18%,   L-noobj: 19.00%,   L-obj:  4.90%
train Epoch: 1, Batch: 185/7566, Total:   0.622887,   L-x:  5.21%,   L-y:  2.28%,   L-w: 39.19%,   L-h: 32.55%,   L-noobj: 10.55%,   L-obj: 10.22%
train Epoch: 1, Batch: 186/7566, Total:   0.191524,   L-x:  4.80%,   L-y:  4.22%,   L-w: 29.93%,   L-h: 31.58%,   L-noobj: 20.81%,   L-obj:  8.67%
train Epoch: 1, Batch: 187/7566, Total:   0.108272,   L-x: 11.57%,   L-y:  7.17%,   L-w: 21.21%,   L-h: 12.61%,   L-noobj: 29.54%,   L-obj: 17.89%
train Epoch: 1, Batch: 188/7566, Total:   0.280182,   L-x:  5.48%,   L-y: 30.16%,   L-w: 11.84%,   L-h: 22.25%,   L-noobj: 19.06%,   L-obj: 11.21%
train Epoch: 1, Batch: 189/7566, Total:   0.131487,   L-x:  9.75%,   L-y:  7.03%,   L-w: 29.92%,   L-h: 20.99%,   L-noobj: 18.06%,   L-obj: 14.25%
train Epoch: 1, Batch: 190/7566, Total:   0.164348,   L-x:  5.28%,   L-y:  5.74%,   L-w: 32.33%,   L-h: 29.31%,   L-noobj: 15.99%,   L-obj: 11.35%
train Epoch: 1, Batch: 191/7566, Total:   0.158103,   L-x:  5.70%,   L-y:  8.29%,   L-w: 26.43%,   L-h: 20.37%,   L-noobj: 22.80%,   L-obj: 16.40%
train Epoch: 1, Batch: 192/7566, Total:   1.937348,   L-x:  0.54%,   L-y:  1.01%,   L-w: 25.93%,   L-h: 65.44%,   L-noobj:  4.80%,   L-obj:  2.28%
train Epoch: 1, Batch: 193/7566, Total:   0.210462,   L-x:  2.58%,   L-y:  7.13%,   L-w: 31.05%,   L-h: 25.29%,   L-noobj: 24.11%,   L-obj:  9.84%
train Epoch: 1, Batch: 194/7566, Total:   0.172470,   L-x:  5.14%,   L-y:  8.73%,   L-w: 37.58%,   L-h: 19.56%,   L-noobj: 14.66%,   L-obj: 14.34%
train Epoch: 1, Batch: 195/7566, Total:   0.242514,   L-x:  9.91%,   L-y:  8.67%,   L-w: 25.05%,   L-h: 25.15%,   L-noobj: 21.36%,   L-obj:  9.86%
train Epoch: 1, Batch: 196/7566, Total:   0.103130,   L-x:  3.67%,   L-y:  5.17%,   L-w: 35.13%,   L-h: 30.52%,   L-noobj: 16.99%,   L-obj:  8.52%
train Epoch: 1, Batch: 197/7566, Total:   0.273328,   L-x:  9.29%,   L-y:  9.79%,   L-w: 30.44%,   L-h: 25.18%,   L-noobj: 16.89%,   L-obj:  8.42%
train Epoch: 1, Batch: 198/7566, Total:   0.116898,   L-x:  4.24%,   L-y:  5.07%,   L-w: 36.15%,   L-h: 22.30%,   L-noobj: 20.45%,   L-obj: 11.79%
train Epoch: 1, Batch: 199/7566, Total:   0.277811,   L-x:  1.54%,   L-y:  6.26%,   L-w: 39.17%,   L-h: 21.66%,   L-noobj: 22.63%,   L-obj:  8.74%
train Epoch: 1, Batch: 200/7566, Total:   0.100532,   L-x:  4.42%,   L-y:  6.28%,   L-w: 40.57%,   L-h: 17.22%,   L-noobj: 18.27%,   L-obj: 13.24%
train Epoch: 1, Batch: 201/7566, Total:   0.098059,   L-x:  3.56%,   L-y:  4.82%,   L-w: 35.62%,   L-h: 23.01%,   L-noobj: 21.19%,   L-obj: 11.80%
train Epoch: 1, Batch: 202/7566, Total:   0.323846,   L-x:  9.72%,   L-y: 10.81%,   L-w: 22.47%,   L-h: 16.28%,   L-noobj: 19.26%,   L-obj: 21.45%
train Epoch: 1, Batch: 203/7566, Total:   0.145926,   L-x:  7.01%,   L-y: 17.33%,   L-w: 24.21%,   L-h: 17.70%,   L-noobj: 22.83%,   L-obj: 10.92%
train Epoch: 1, Batch: 204/7566, Total:   0.293054,   L-x:  4.00%,   L-y:  6.59%,   L-w: 34.92%,   L-h: 19.02%,   L-noobj: 29.77%,   L-obj:  5.70%
train Epoch: 1, Batch: 205/7566, Total:   0.440204,   L-x:  4.94%,   L-y:  6.99%,   L-w: 32.65%,   L-h: 26.20%,   L-noobj: 24.60%,   L-obj:  4.62%
train Epoch: 1, Batch: 206/7566, Total:   0.116697,   L-x:  8.33%,   L-y:  7.18%,   L-w: 20.64%,   L-h: 19.56%,   L-noobj: 39.16%,   L-obj:  5.14%
train Epoch: 1, Batch: 207/7566, Total:   0.504657,   L-x:  8.06%,   L-y:  7.57%,   L-w: 28.76%,   L-h: 13.42%,   L-noobj: 39.16%,   L-obj:  3.03%
train Epoch: 1, Batch: 208/7566, Total:   0.154692,   L-x: 13.75%,   L-y:  9.54%,   L-w: 20.66%,   L-h: 23.86%,   L-noobj: 19.53%,   L-obj: 12.66%
train Epoch: 1, Batch: 209/7566, Total:   0.092568,   L-x:  4.32%,   L-y: 16.39%,   L-w: 31.59%,   L-h: 19.02%,   L-noobj: 17.01%,   L-obj: 11.66%
train Epoch: 1, Batch: 210/7566, Total:   0.123134,   L-x:  3.68%,   L-y: 10.97%,   L-w: 34.84%,   L-h: 22.89%,   L-noobj: 13.68%,   L-obj: 13.94%
train Epoch: 1, Batch: 211/7566, Total:   0.086985,   L-x:  8.77%,   L-y:  9.80%,   L-w: 22.16%,   L-h: 20.04%,   L-noobj: 32.08%,   L-obj:  7.16%
train Epoch: 1, Batch: 212/7566, Total:   0.683429,   L-x:  2.81%,   L-y:  4.08%,   L-w: 29.91%,   L-h: 46.66%,   L-noobj: 12.88%,   L-obj:  3.67%
train Epoch: 1, Batch: 213/7566, Total:   0.462308,   L-x:  1.62%,   L-y:  1.67%,   L-w: 23.67%,   L-h: 64.47%,   L-noobj:  7.70%,   L-obj:  0.87%
train Epoch: 1, Batch: 214/7566, Total:   0.158486,   L-x:  6.96%,   L-y:  6.57%,   L-w: 18.23%,   L-h: 35.41%,   L-noobj: 23.62%,   L-obj:  9.21%
train Epoch: 1, Batch: 215/7566, Total:   0.217410,   L-x:  1.59%,   L-y:  3.61%,   L-w: 36.74%,   L-h: 34.59%,   L-noobj: 17.52%,   L-obj:  5.94%
train Epoch: 1, Batch: 216/7566, Total:   0.210149,   L-x:  9.65%,   L-y: 11.49%,   L-w: 26.08%,   L-h: 27.20%,   L-noobj: 16.17%,   L-obj:  9.41%
train Epoch: 1, Batch: 217/7566, Total:   0.075349,   L-x: 16.03%,   L-y:  8.78%,   L-w: 34.90%,   L-h: 12.31%,   L-noobj: 14.83%,   L-obj: 13.16%
train Epoch: 1, Batch: 218/7566, Total:   0.476063,   L-x:  5.56%,   L-y:  2.83%,   L-w: 37.02%,   L-h: 27.20%,   L-noobj: 21.64%,   L-obj:  5.76%
train Epoch: 1, Batch: 219/7566, Total:  68.247864,   L-x:  0.03%,   L-y:  0.07%,   L-w: 48.53%,   L-h: 51.23%,   L-noobj:  0.12%,   L-obj:  0.03%
train Epoch: 1, Batch: 220/7566, Total:   0.199230,   L-x:  3.13%,   L-y:  3.47%,   L-w: 24.05%,   L-h: 29.13%,   L-noobj: 25.89%,   L-obj: 14.32%
train Epoch: 1, Batch: 221/7566, Total:   0.361862,   L-x:  7.78%,   L-y:  5.14%,   L-w: 33.52%,   L-h: 29.12%,   L-noobj: 21.21%,   L-obj:  3.23%
train Epoch: 1, Batch: 222/7566, Total:   0.278852,   L-x:  9.76%,   L-y:  8.77%,   L-w: 21.84%,   L-h: 33.46%,   L-noobj: 15.76%,   L-obj: 10.40%
train Epoch: 1, Batch: 223/7566, Total:   0.135703,   L-x:  5.94%,   L-y:  6.32%,   L-w: 23.02%,   L-h: 16.02%,   L-noobj: 28.18%,   L-obj: 20.53%
train Epoch: 1, Batch: 224/7566, Total:   0.041086,   L-x:  6.87%,   L-y:  7.64%,   L-w: 26.31%,   L-h: 22.92%,   L-noobj: 23.35%,   L-obj: 12.91%
train Epoch: 1, Batch: 225/7566, Total:   0.505710,   L-x:  7.16%,   L-y: 23.21%,   L-w: 14.98%,   L-h:  8.57%,   L-noobj: 42.08%,   L-obj:  4.00%
train Epoch: 1, Batch: 226/7566, Total:   0.273822,   L-x:  5.54%,   L-y: 11.26%,   L-w: 36.75%,   L-h: 18.85%,   L-noobj: 18.72%,   L-obj:  8.89%
train Epoch: 1, Batch: 227/7566, Total:   0.206164,   L-x:  2.57%,   L-y:  9.03%,   L-w: 40.35%,   L-h: 18.32%,   L-noobj: 21.76%,   L-obj:  7.98%
train Epoch: 1, Batch: 228/7566, Total:   0.208190,   L-x:  6.27%,   L-y: 10.51%,   L-w: 17.30%,   L-h: 16.35%,   L-noobj: 36.85%,   L-obj: 12.71%
train Epoch: 1, Batch: 229/7566, Total:   0.201232,   L-x:  7.28%,   L-y:  5.21%,   L-w: 33.94%,   L-h: 29.16%,   L-noobj: 19.57%,   L-obj:  4.84%
train Epoch: 1, Batch: 230/7566, Total:   0.151524,   L-x:  4.84%,   L-y:  8.06%,   L-w: 23.14%,   L-h: 25.10%,   L-noobj: 31.41%,   L-obj:  7.45%
train Epoch: 1, Batch: 231/7566, Total:   0.199548,   L-x:  7.17%,   L-y:  7.60%,   L-w: 22.43%,   L-h: 35.92%,   L-noobj: 21.11%,   L-obj:  5.77%
train Epoch: 1, Batch: 232/7566, Total:   0.249749,   L-x:  5.09%,   L-y:  6.18%,   L-w: 36.70%,   L-h: 26.87%,   L-noobj: 21.19%,   L-obj:  3.96%
train Epoch: 1, Batch: 233/7566, Total:   0.129386,   L-x:  4.21%,   L-y:  9.46%,   L-w: 38.16%,   L-h: 23.66%,   L-noobj: 10.88%,   L-obj: 13.63%
train Epoch: 1, Batch: 234/7566, Total:   0.203757,   L-x: 11.03%,   L-y:  7.90%,   L-w: 30.76%,   L-h: 21.09%,   L-noobj: 23.04%,   L-obj:  6.19%
train Epoch: 1, Batch: 235/7566, Total:   0.189065,   L-x:  5.33%,   L-y:  4.90%,   L-w: 39.76%,   L-h: 30.96%,   L-noobj: 13.52%,   L-obj:  5.54%
train Epoch: 1, Batch: 236/7566, Total:   0.164141,   L-x:  3.23%,   L-y:  3.99%,   L-w: 37.82%,   L-h: 31.30%,   L-noobj: 18.55%,   L-obj:  5.11%
train Epoch: 1, Batch: 237/7566, Total:   0.563489,   L-x:  4.80%,   L-y:  8.81%,   L-w: 15.30%,   L-h: 17.87%,   L-noobj: 45.45%,   L-obj:  7.77%
train Epoch: 1, Batch: 238/7566, Total:   0.220709,   L-x:  9.73%,   L-y:  5.18%,   L-w: 39.01%,   L-h: 26.19%,   L-noobj: 16.79%,   L-obj:  3.10%
train Epoch: 1, Batch: 239/7566, Total: 117.681934,   L-x:  0.02%,   L-y:  0.04%,   L-w: 48.32%,   L-h: 51.12%,   L-noobj:  0.46%,   L-obj:  0.03%
train Epoch: 1, Batch: 240/7566, Total:   0.186965,   L-x:  5.60%,   L-y:  4.45%,   L-w: 36.55%,   L-h: 26.97%,   L-noobj: 18.20%,   L-obj:  8.23%
train Epoch: 1, Batch: 241/7566, Total:   0.298727,   L-x:  3.77%,   L-y:  7.46%,   L-w: 23.09%,   L-h: 27.51%,   L-noobj: 33.98%,   L-obj:  4.18%
train Epoch: 1, Batch: 242/7566, Total:   0.376906,   L-x:  5.22%,   L-y:  4.68%,   L-w: 29.05%,   L-h: 22.11%,   L-noobj: 31.28%,   L-obj:  7.66%
train Epoch: 1, Batch: 243/7566, Total:   0.133707,   L-x:  5.70%,   L-y:  4.18%,   L-w: 25.41%,   L-h: 28.28%,   L-noobj: 16.86%,   L-obj: 19.58%
train Epoch: 1, Batch: 244/7566, Total:   0.191740,   L-x:  3.66%,   L-y:  5.43%,   L-w: 30.51%,   L-h: 30.66%,   L-noobj: 25.53%,   L-obj:  4.20%
train Epoch: 1, Batch: 245/7566, Total:   0.126195,   L-x:  8.71%,   L-y:  7.72%,   L-w: 23.18%,   L-h: 18.17%,   L-noobj: 37.17%,   L-obj:  5.05%
train Epoch: 1, Batch: 246/7566, Total:   0.198608,   L-x:  6.99%,   L-y:  7.31%,   L-w: 36.05%,   L-h: 32.91%,   L-noobj:  7.40%,   L-obj:  9.34%
train Epoch: 1, Batch: 247/7566, Total:   0.153117,   L-x:  6.47%,   L-y: 11.27%,   L-w: 15.10%,   L-h: 24.56%,   L-noobj: 31.22%,   L-obj: 11.37%
train Epoch: 1, Batch: 248/7566, Total:   0.222909,   L-x:  4.10%,   L-y:  9.33%,   L-w: 23.85%,   L-h: 31.06%,   L-noobj: 24.33%,   L-obj:  7.34%
train Epoch: 1, Batch: 249/7566, Total:   0.353058,   L-x:  5.19%,   L-y:  4.01%,   L-w: 32.53%,   L-h: 41.15%,   L-noobj: 13.45%,   L-obj:  3.67%
train Epoch: 1, Batch: 250/7566, Total:   0.354066,   L-x:  7.27%,   L-y:  6.83%,   L-w: 35.28%,   L-h: 17.21%,   L-noobj: 23.54%,   L-obj:  9.87%
train Epoch: 1, Batch: 251/7566, Total:   0.118860,   L-x:  5.17%,   L-y:  5.23%,   L-w: 35.28%,   L-h: 28.17%,   L-noobj: 21.24%,   L-obj:  4.91%
train Epoch: 1, Batch: 252/7566, Total:   0.280210,   L-x:  3.13%,   L-y:  2.73%,   L-w: 45.07%,   L-h: 33.59%,   L-noobj: 11.03%,   L-obj:  4.45%
train Epoch: 1, Batch: 253/7566, Total:   0.081125,   L-x:  7.46%,   L-y:  8.56%,   L-w: 25.89%,   L-h: 24.81%,   L-noobj: 21.99%,   L-obj: 11.29%
train Epoch: 1, Batch: 254/7566, Total:   0.147907,   L-x:  6.02%,   L-y:  7.72%,   L-w: 34.72%,   L-h: 24.51%,   L-noobj: 22.33%,   L-obj:  4.70%
train Epoch: 1, Batch: 255/7566, Total:   0.148099,   L-x:  6.26%,   L-y:  5.74%,   L-w: 30.79%,   L-h: 21.47%,   L-noobj: 24.27%,   L-obj: 11.47%
train Epoch: 1, Batch: 256/7566, Total:   0.124465,   L-x:  9.89%,   L-y: 10.70%,   L-w: 27.65%,   L-h: 21.96%,   L-noobj: 19.03%,   L-obj: 10.77%
train Epoch: 1, Batch: 257/7566, Total:   0.165045,   L-x:  4.68%,   L-y:  8.29%,   L-w: 30.35%,   L-h: 23.10%,   L-noobj: 24.78%,   L-obj:  8.81%
train Epoch: 1, Batch: 258/7566, Total:   0.093104,   L-x:  3.99%,   L-y:  7.15%,   L-w: 27.95%,   L-h: 37.56%,   L-noobj: 14.74%,   L-obj:  8.62%
train Epoch: 1, Batch: 259/7566, Total:   0.063276,   L-x:  5.80%,   L-y:  5.84%,   L-w: 31.70%,   L-h: 23.63%,   L-noobj: 20.40%,   L-obj: 12.63%
train Epoch: 1, Batch: 260/7566, Total:   0.128346,   L-x:  4.49%,   L-y:  4.57%,   L-w: 39.22%,   L-h: 27.52%,   L-noobj: 17.66%,   L-obj:  6.54%
train Epoch: 1, Batch: 261/7566, Total:   0.190627,   L-x:  3.33%,   L-y: 10.53%,   L-w: 30.98%,   L-h: 27.80%,   L-noobj: 23.18%,   L-obj:  4.18%
train Epoch: 1, Batch: 262/7566, Total:   0.366145,   L-x:  5.76%,   L-y:  4.68%,   L-w: 26.57%,   L-h: 43.94%,   L-noobj: 17.37%,   L-obj:  1.67%
train Epoch: 1, Batch: 263/7566, Total:   0.127908,   L-x:  5.03%,   L-y: 11.74%,   L-w: 29.40%,   L-h: 25.76%,   L-noobj: 17.28%,   L-obj: 10.79%
train Epoch: 1, Batch: 264/7566, Total:   0.221679,   L-x:  8.67%,   L-y:  3.59%,   L-w: 35.12%,   L-h: 20.57%,   L-noobj: 27.07%,   L-obj:  4.98%
train Epoch: 1, Batch: 265/7566, Total:   0.881814,   L-x:  6.42%,   L-y:  3.28%,   L-w: 43.13%,   L-h: 34.91%,   L-noobj:  9.97%,   L-obj:  2.29%
train Epoch: 1, Batch: 266/7566, Total:   0.052359,   L-x:  7.58%,   L-y:  7.05%,   L-w: 32.10%,   L-h: 26.37%,   L-noobj: 15.10%,   L-obj: 11.80%
train Epoch: 1, Batch: 267/7566, Total:   0.057708,   L-x:  5.92%,   L-y: 11.28%,   L-w: 22.06%,   L-h: 19.99%,   L-noobj: 28.59%,   L-obj: 12.17%
train Epoch: 1, Batch: 268/7566, Total:  12.563194,   L-x:  0.08%,   L-y:  0.18%,   L-w: 51.20%,   L-h: 47.19%,   L-noobj:  1.21%,   L-obj:  0.14%
train Epoch: 1, Batch: 269/7566, Total:   0.103666,   L-x:  7.20%,   L-y: 14.74%,   L-w: 20.44%,   L-h: 19.34%,   L-noobj: 28.42%,   L-obj:  9.86%
train Epoch: 1, Batch: 270/7566, Total:   0.089672,   L-x:  6.29%,   L-y:  9.46%,   L-w: 23.94%,   L-h: 22.12%,   L-noobj: 30.70%,   L-obj:  7.50%
train Epoch: 1, Batch: 271/7566, Total:   0.180072,   L-x:  6.56%,   L-y:  2.98%,   L-w: 33.36%,   L-h: 31.17%,   L-noobj: 15.94%,   L-obj:  9.99%
train Epoch: 1, Batch: 272/7566, Total:   0.167392,   L-x: 10.57%,   L-y:  6.29%,   L-w: 28.08%,   L-h: 18.03%,   L-noobj: 23.14%,   L-obj: 13.89%
train Epoch: 1, Batch: 273/7566, Total:   1.677873,   L-x:  0.92%,   L-y:  1.04%,   L-w: 43.06%,   L-h: 50.67%,   L-noobj:  3.65%,   L-obj:  0.67%
train Epoch: 1, Batch: 274/7566, Total:   0.078639,   L-x:  8.57%,   L-y:  5.28%,   L-w: 41.53%,   L-h: 19.48%,   L-noobj: 11.67%,   L-obj: 13.46%
train Epoch: 1, Batch: 275/7566, Total:   0.138882,   L-x:  6.68%,   L-y:  8.49%,   L-w: 27.63%,   L-h: 20.99%,   L-noobj: 29.19%,   L-obj:  7.02%
train Epoch: 1, Batch: 276/7566, Total:   0.084421,   L-x:  8.50%,   L-y:  5.83%,   L-w: 31.63%,   L-h: 27.39%,   L-noobj: 17.79%,   L-obj:  8.86%
train Epoch: 1, Batch: 277/7566, Total: 1353817382812500.000000,   L-x:  0.00%,   L-y:  0.00%,   L-w: 50.01%,   L-h: 48.77%,   L-noobj:  1.20%,   L-obj:  0.02%
train Epoch: 1, Batch: 278/7566, Total:   0.160398,   L-x:  6.31%,   L-y: 13.31%,   L-w: 25.22%,   L-h: 12.67%,   L-noobj: 24.26%,   L-obj: 18.24%
train Epoch: 1, Batch: 279/7566, Total:   0.357835,   L-x:  8.28%,   L-y:  3.16%,   L-w: 29.87%,   L-h: 21.70%,   L-noobj: 28.68%,   L-obj:  8.32%
train Epoch: 1, Batch: 280/7566, Total:   0.166504,   L-x:  5.80%,   L-y:  9.36%,   L-w: 33.72%,   L-h: 28.16%,   L-noobj: 11.42%,   L-obj: 11.53%
train Epoch: 1, Batch: 281/7566, Total:   2.444027,   L-x:  0.79%,   L-y:  1.63%,   L-w: 38.95%,   L-h: 51.55%,   L-noobj:  6.24%,   L-obj:  0.84%
train Epoch: 1, Batch: 282/7566, Total:   0.383655,   L-x:  4.46%,   L-y:  3.03%,   L-w: 42.21%,   L-h: 33.68%,   L-noobj: 12.07%,   L-obj:  4.55%
train Epoch: 1, Batch: 283/7566, Total:   0.117276,   L-x:  4.52%,   L-y:  4.22%,   L-w: 35.88%,   L-h: 31.92%,   L-noobj: 19.75%,   L-obj:  3.71%
train Epoch: 1, Batch: 284/7566, Total:   0.117621,   L-x:  6.58%,   L-y: 11.34%,   L-w: 28.21%,   L-h: 30.85%,   L-noobj: 15.24%,   L-obj:  7.78%
train Epoch: 1, Batch: 285/7566, Total:   0.155512,   L-x:  8.21%,   L-y:  7.90%,   L-w: 27.82%,   L-h: 31.00%,   L-noobj: 14.88%,   L-obj: 10.18%
train Epoch: 1, Batch: 286/7566, Total:  18.051773,   L-x:  0.05%,   L-y:  0.11%,   L-w: 48.03%,   L-h: 50.09%,   L-noobj:  1.54%,   L-obj:  0.17%
train Epoch: 1, Batch: 287/7566, Total:   0.266526,   L-x:  2.33%,   L-y:  1.67%,   L-w: 42.81%,   L-h: 39.62%,   L-noobj: 11.82%,   L-obj:  1.76%
train Epoch: 1, Batch: 288/7566, Total:   0.141723,   L-x:  3.78%,   L-y:  3.04%,   L-w: 37.00%,   L-h: 37.86%,   L-noobj: 14.77%,   L-obj:  3.56%
train Epoch: 1, Batch: 289/7566, Total:   0.325611,   L-x:  2.43%,   L-y:  4.19%,   L-w: 46.62%,   L-h: 34.73%,   L-noobj:  9.51%,   L-obj:  2.52%
train Epoch: 1, Batch: 290/7566, Total:   0.363650,   L-x:  4.44%,   L-y:  3.89%,   L-w: 37.52%,   L-h: 24.13%,   L-noobj: 25.80%,   L-obj:  4.22%
train Epoch: 1, Batch: 291/7566, Total:   0.158154,   L-x:  2.35%,   L-y:  6.65%,   L-w: 30.46%,   L-h: 21.83%,   L-noobj: 30.36%,   L-obj:  8.35%
train Epoch: 1, Batch: 292/7566, Total:   0.184864,   L-x:  3.49%,   L-y:  4.00%,   L-w: 38.72%,   L-h: 31.78%,   L-noobj: 17.54%,   L-obj:  4.46%
train Epoch: 1, Batch: 293/7566, Total:   0.226218,   L-x:  2.63%,   L-y:  8.33%,   L-w: 37.79%,   L-h: 34.07%,   L-noobj: 12.48%,   L-obj:  4.70%
train Epoch: 1, Batch: 294/7566, Total:   0.158703,   L-x:  6.00%,   L-y:  5.55%,   L-w: 38.81%,   L-h: 26.46%,   L-noobj: 17.72%,   L-obj:  5.45%
train Epoch: 1, Batch: 295/7566, Total:   0.164505,   L-x:  3.14%,   L-y:  2.66%,   L-w: 42.64%,   L-h: 37.63%,   L-noobj: 10.23%,   L-obj:  3.70%
train Epoch: 1, Batch: 296/7566, Total:   0.872022,   L-x:  2.80%,   L-y:  5.08%,   L-w: 32.02%,   L-h: 44.01%,   L-noobj: 13.98%,   L-obj:  2.10%
train Epoch: 1, Batch: 297/7566, Total:   0.125991,   L-x:  5.21%,   L-y:  3.90%,   L-w: 36.31%,   L-h: 34.21%,   L-noobj: 17.14%,   L-obj:  3.24%
train Epoch: 1, Batch: 298/7566, Total:   0.297277,   L-x:  4.00%,   L-y:  5.62%,   L-w: 36.75%,   L-h: 35.09%,   L-noobj: 15.78%,   L-obj:  2.76%
train Epoch: 1, Batch: 299/7566, Total:   0.185888,   L-x:  4.75%,   L-y:  4.32%,   L-w: 41.18%,   L-h: 35.64%,   L-noobj:  9.27%,   L-obj:  4.85%
train Epoch: 1, Batch: 300/7566, Total:   0.178326,   L-x:  7.42%,   L-y:  5.73%,   L-w: 23.81%,   L-h: 25.79%,   L-noobj: 30.82%,   L-obj:  6.42%
train Epoch: 1, Batch: 301/7566, Total:   0.302389,   L-x:  2.99%,   L-y:  6.78%,   L-w: 34.59%,   L-h: 29.42%,   L-noobj: 23.10%,   L-obj:  3.11%
train Epoch: 1, Batch: 302/7566, Total:   0.167079,   L-x:  2.74%,   L-y:  8.64%,   L-w: 33.80%,   L-h: 28.19%,   L-noobj: 17.27%,   L-obj:  9.37%
train Epoch: 1, Batch: 303/7566, Total:   0.090797,   L-x:  5.83%,   L-y:  9.93%,   L-w: 30.76%,   L-h: 23.68%,   L-noobj: 19.16%,   L-obj: 10.64%
train Epoch: 1, Batch: 304/7566, Total:   0.438875,   L-x:  1.34%,   L-y:  1.50%,   L-w: 46.04%,   L-h: 37.71%,   L-noobj: 12.24%,   L-obj:  1.17%
train Epoch: 1, Batch: 305/7566, Total:   0.516678,   L-x:  2.97%,   L-y:  2.76%,   L-w: 34.06%,   L-h: 38.49%,   L-noobj: 12.60%,   L-obj:  9.13%
train Epoch: 1, Batch: 306/7566, Total: 207.807972,   L-x:  0.01%,   L-y:  0.00%,   L-w: 52.69%,   L-h: 47.25%,   L-noobj:  0.04%,   L-obj:  0.01%
train Epoch: 1, Batch: 307/7566, Total:   0.852307,   L-x:  3.24%,   L-y:  5.69%,   L-w: 36.06%,   L-h: 29.90%,   L-noobj: 23.67%,   L-obj:  1.44%
train Epoch: 1, Batch: 308/7566, Total:   0.136371,   L-x:  3.34%,   L-y:  2.91%,   L-w: 38.08%,   L-h: 30.09%,   L-noobj: 19.65%,   L-obj:  5.94%
train Epoch: 1, Batch: 309/7566, Total:   2.778297,   L-x:  0.42%,   L-y:  1.83%,   L-w: 41.94%,   L-h: 46.59%,   L-noobj:  8.66%,   L-obj:  0.56%
train Epoch: 1, Batch: 310/7566, Total:   1.027269,   L-x:  1.24%,   L-y:  1.59%,   L-w: 47.60%,   L-h: 43.70%,   L-noobj:  5.40%,   L-obj:  0.47%
train Epoch: 1, Batch: 311/7566, Total:   0.218166,   L-x:  4.62%,   L-y:  2.31%,   L-w: 42.66%,   L-h: 33.28%,   L-noobj: 14.25%,   L-obj:  2.88%
train Epoch: 1, Batch: 312/7566, Total:   1.587384,   L-x:  0.47%,   L-y:  1.06%,   L-w: 53.92%,   L-h: 35.77%,   L-noobj:  7.71%,   L-obj:  1.07%
train Epoch: 1, Batch: 313/7566, Total:   0.239560,   L-x:  4.74%,   L-y:  3.07%,   L-w: 36.69%,   L-h: 40.95%,   L-noobj: 12.99%,   L-obj:  1.55%
train Epoch: 1, Batch: 314/7566, Total:   5.496397,   L-x:  0.60%,   L-y:  0.97%,   L-w: 49.46%,   L-h: 43.90%,   L-noobj:  4.67%,   L-obj:  0.40%
train Epoch: 1, Batch: 315/7566, Total:   0.140862,   L-x:  2.05%,   L-y:  2.93%,   L-w: 33.88%,   L-h: 41.06%,   L-noobj: 17.85%,   L-obj:  2.23%
train Epoch: 1, Batch: 316/7566, Total: 630.095337,   L-x:  0.00%,   L-y:  0.01%,   L-w: 49.52%,   L-h: 50.33%,   L-noobj:  0.13%,   L-obj:  0.01%
train Epoch: 1, Batch: 317/7566, Total:   0.212431,   L-x:  3.17%,   L-y:  3.59%,   L-w: 41.85%,   L-h: 37.64%,   L-noobj: 12.23%,   L-obj:  1.52%
train Epoch: 1, Batch: 318/7566, Total:   0.317957,   L-x:  4.74%,   L-y:  6.74%,   L-w: 24.99%,   L-h: 35.60%,   L-noobj: 22.91%,   L-obj:  5.02%
train Epoch: 1, Batch: 319/7566, Total:   2.050226,   L-x:  3.90%,   L-y:  5.28%,   L-w: 30.95%,   L-h: 35.49%,   L-noobj: 23.41%,   L-obj:  0.97%
train Epoch: 1, Batch: 320/7566, Total:   0.398249,   L-x:  2.59%,   L-y:  4.49%,   L-w: 28.08%,   L-h: 38.90%,   L-noobj: 23.07%,   L-obj:  2.88%
train Epoch: 1, Batch: 321/7566, Total:   0.391360,   L-x:  2.56%,   L-y:  3.07%,   L-w: 37.52%,   L-h: 35.28%,   L-noobj: 20.30%,   L-obj:  1.27%
train Epoch: 1, Batch: 322/7566, Total:   0.345543,   L-x:  1.71%,   L-y:  3.50%,   L-w: 37.42%,   L-h: 38.02%,   L-noobj: 17.94%,   L-obj:  1.41%
train Epoch: 1, Batch: 323/7566, Total:   0.295826,   L-x:  4.41%,   L-y:  5.13%,   L-w: 31.31%,   L-h: 31.96%,   L-noobj: 25.43%,   L-obj:  1.76%
